<?xml version="1.0" encoding="UTF-8"?>
<!-- Generated by org.testng.reporters.JUnitXMLReporter -->
<testsuite ignored="0" hostname="Abhijith" failures="0" tests="4" name="Surefire test" time="6.377" errors="0" timestamp="2024-01-31T15:34:38 IST">
  <testcase classname="api.tests.UserTests" name="testPostRequest" time="2.552"/>
  <testcase classname="api.tests.UserTests" name="testGetRequest" time="1.18"/>
  <testcase classname="api.tests.UserTests" name="testPutRequest" time="1.24"/>
  <testcase classname="api.tests.UserTests" name="testDeleteRequest" time="1.212"/>
</testsuite> <!-- Surefire test -->
