<?xml version="1.0" encoding="UTF-8"?>
<!-- Generated by org.testng.reporters.JUnitXMLReporter -->
<testsuite ignored="0" hostname="Abhijith" failures="0" tests="4" name="Default test" time="7.166" errors="0" timestamp="2024-01-30T12:21:19 IST">
  <testcase classname="api.tests.UserTests" name="testPostRequest" time="2.926"/>
  <testcase classname="api.tests.UserTests" name="testGetRequest" time="1.618"/>
  <testcase classname="api.tests.UserTests" name="testPutRequest" time="1.271"/>
  <testcase classname="api.tests.UserTests" name="testDeleteRequest" time="1.173"/>
</testsuite> <!-- Default test -->
