<?xml version="1.0" encoding="UTF-8"?>
<testng-results ignored="0" total="4" passed="4" failed="0" skipped="0">
  <reporter-output>
  </reporter-output>
  <suite started-at="2024-01-31T15:34:32 IST" name="Surefire suite" finished-at="2024-01-31T15:34:38 IST" duration-ms="6377">
    <groups>
    </groups>
    <test started-at="2024-01-31T15:34:32 IST" name="Surefire test" finished-at="2024-01-31T15:34:38 IST" duration-ms="6377">
      <class name="api.tests.UserTests">
        <test-method is-config="true" signature="setup()[pri:0, instance:api.tests.UserTests@229d10bd]" started-at="2024-01-31T15:34:32 IST" name="setup" finished-at="2024-01-31T15:34:32 IST" duration-ms="157" status="PASS">
          <reporter-output>
          </reporter-output>
        </test-method> <!-- setup -->
        <test-method signature="testPostRequest()[pri:0, instance:api.tests.UserTests@229d10bd]" started-at="2024-01-31T15:34:32 IST" name="testPostRequest" finished-at="2024-01-31T15:34:34 IST" duration-ms="2552" status="PASS">
          <reporter-output>
          </reporter-output>
        </test-method> <!-- testPostRequest -->
        <test-method signature="testGetRequest()[pri:0, instance:api.tests.UserTests@229d10bd]" started-at="2024-01-31T15:34:34 IST" name="testGetRequest" finished-at="2024-01-31T15:34:36 IST" depends-on-methods="api.tests.UserTests.testPostRequest" duration-ms="1180" status="PASS">
          <reporter-output>
          </reporter-output>
        </test-method> <!-- testGetRequest -->
        <test-method signature="testPutRequest()[pri:0, instance:api.tests.UserTests@229d10bd]" started-at="2024-01-31T15:34:36 IST" name="testPutRequest" finished-at="2024-01-31T15:34:37 IST" depends-on-methods="api.tests.UserTests.testGetRequest, api.tests.UserTests.testPostRequest" duration-ms="1240" status="PASS">
          <reporter-output>
          </reporter-output>
        </test-method> <!-- testPutRequest -->
        <test-method signature="testDeleteRequest()[pri:0, instance:api.tests.UserTests@229d10bd]" started-at="2024-01-31T15:34:37 IST" name="testDeleteRequest" finished-at="2024-01-31T15:34:38 IST" depends-on-methods="api.tests.UserTests.testGetRequest, api.tests.UserTests.testPostRequest, api.tests.UserTests.testPutRequest" duration-ms="1212" status="PASS">
          <reporter-output>
          </reporter-output>
        </test-method> <!-- testDeleteRequest -->
      </class> <!-- api.tests.UserTests -->
    </test> <!-- Surefire test -->
  </suite> <!-- Surefire suite -->
</testng-results>
