<?xml version="1.0" encoding="UTF-8"?>
<testng-results ignored="0" total="4" passed="4" failed="0" skipped="0">
  <reporter-output>
  </reporter-output>
  <suite started-at="2024-01-30T12:21:11 IST" name="Default suite" finished-at="2024-01-30T12:21:19 IST" duration-ms="7166">
    <groups>
    </groups>
    <test started-at="2024-01-30T12:21:11 IST" name="Default test" finished-at="2024-01-30T12:21:19 IST" duration-ms="7166">
      <class name="api.tests.UserTests">
        <test-method is-config="true" signature="setupData()[pri:0, instance:api.tests.UserTests@4135c3b]" started-at="2024-01-30T12:21:11 IST" name="setupData" finished-at="2024-01-30T12:21:12 IST" duration-ms="133" status="PASS">
          <reporter-output>
          </reporter-output>
        </test-method> <!-- setupData -->
        <test-method signature="testPostRequest()[pri:0, instance:api.tests.UserTests@4135c3b]" started-at="2024-01-30T12:21:12 IST" name="testPostRequest" finished-at="2024-01-30T12:21:14 IST" duration-ms="2926" status="PASS">
          <reporter-output>
          </reporter-output>
        </test-method> <!-- testPostRequest -->
        <test-method signature="testGetRequest()[pri:0, instance:api.tests.UserTests@4135c3b]" started-at="2024-01-30T12:21:15 IST" name="testGetRequest" finished-at="2024-01-30T12:21:16 IST" depends-on-methods="api.tests.UserTests.testPostRequest" duration-ms="1618" status="PASS">
          <reporter-output>
          </reporter-output>
        </test-method> <!-- testGetRequest -->
        <test-method signature="testPutRequest()[pri:0, instance:api.tests.UserTests@4135c3b]" started-at="2024-01-30T12:21:16 IST" name="testPutRequest" finished-at="2024-01-30T12:21:17 IST" depends-on-methods="api.tests.UserTests.testGetRequest, api.tests.UserTests.testPostRequest" duration-ms="1271" status="PASS">
          <reporter-output>
          </reporter-output>
        </test-method> <!-- testPutRequest -->
        <test-method signature="testDeleteRequest()[pri:0, instance:api.tests.UserTests@4135c3b]" started-at="2024-01-30T12:21:17 IST" name="testDeleteRequest" finished-at="2024-01-30T12:21:19 IST" depends-on-methods="api.tests.UserTests.testGetRequest, api.tests.UserTests.testPostRequest, api.tests.UserTests.testPutRequest" duration-ms="1173" status="PASS">
          <reporter-output>
          </reporter-output>
        </test-method> <!-- testDeleteRequest -->
      </class> <!-- api.tests.UserTests -->
    </test> <!-- Default test -->
  </suite> <!-- Default suite -->
</testng-results>
